2024-01-02 11:08:08,100 main ERROR appender File has no parameter that matches element DefaultRolloverStrategy
2024-01-02 11:08:08,101 main ERROR appender File has no parameter that matches element TimeBasedTriggeringPolicy
Jan 02, 2024 11:08:09 AM org.openqa.selenium.remote.tracing.opentelemetry.OpenTelemetryTracer createTracer
INFO: Using OpenTelemetry for tracing
2024-01-02 11:08:11 INFO  [utils.Base] Browser Launched
2024-01-02 11:08:14 INFO  [utils.Base] Browser Loaded the URL
2024-01-02 11:08:17 INFO  [pages.homepage] 1234
log -exists
ls: cannot access '/home/coder/project/workspace/Project/screenshot': No such file or directory
scr -notexists
report -exists
2024-01-02 11:10:09,016 main ERROR appender File has no parameter that matches element DefaultRolloverStrategy
2024-01-02 11:10:09,019 main ERROR appender File has no parameter that matches element TimeBasedTriggeringPolicy
Jan 02, 2024 11:10:09 AM org.openqa.selenium.remote.tracing.opentelemetry.OpenTelemetryTracer createTracer
INFO: Using OpenTelemetry for tracing
2024-01-02 11:10:13 INFO  [utils.Base] Browser Launched
2024-01-02 11:10:15 INFO  [utils.Base] Browser Loaded the URL
2024-01-02 11:10:17 INFO  [pages.homepage] 1234
log -exists
ls: cannot access '/home/coder/project/workspace/Project/screenshot': No such file or directory
scr -notexists
report -exists
